  [1m[35m (0.3ms)[0m  [1m[34mSELECT pg_try_advisory_lock(905113492017707280)[0m
  [1m[35m (3.1ms)[0m  [1m[34mSELECT "schema_migrations"."version" FROM "schema_migrations" ORDER BY "schema_migrations"."version" ASC[0m
Migrating to AddSendToPromotions (20191127033800)
  [1m[35m (0.1ms)[0m  [1m[35mBEGIN[0m
  [1m[35m (7.3ms)[0m  [1m[35mALTER TABLE "promotions" ADD "send" integer[0m
  [1m[36mprimary::SchemaMigration Create (1.6ms)[0m  [1m[32mINSERT INTO "schema_migrations" ("version") VALUES ($1) RETURNING "version"[0m  [["version", "20191127033800"]]
  [1m[35m (1.2ms)[0m  [1m[35mCOMMIT[0m
  [1m[36mActiveRecord::InternalMetadata Load (1.7ms)[0m  [1m[34mSELECT "ar_internal_metadata".* FROM "ar_internal_metadata" WHERE "ar_internal_metadata"."key" = $1 LIMIT $2[0m  [["key", "environment"], ["LIMIT", 1]]
  [1m[35m (0.3ms)[0m  [1m[34mSELECT pg_advisory_unlock(905113492017707280)[0m
  [1m[35m (0.7ms)[0m  [1m[34mSELECT "schema_migrations"."version" FROM "schema_migrations" ORDER BY "schema_migrations"."version" ASC[0m
Started POST "/promotions/addPromotion" for 127.0.0.1 at 2019-11-27 00:47:59 -0300
  [1m[35m (1.1ms)[0m  [1m[34mSELECT "schema_migrations"."version" FROM "schema_migrations" ORDER BY "schema_migrations"."version" ASC[0m
Processing by PromotionsController#addPromotion as */*
  [1m[35m (0.2ms)[0m  [1m[35mBEGIN[0m
  ↳ app/controllers/promotions_controller.rb:10:in `addPromotion'
  [1m[36mPromotion Create (29.3ms)[0m  [1m[32mINSERT INTO "promotions" ("name", "expiration", "created_at", "updated_at", "send") VALUES ($1, $2, $3, $4, $5) RETURNING "id"[0m  [["name", "Oracle"], ["expiration", "2019-10-09 00:38:11"], ["created_at", "2019-11-27 03:47:59.996945"], ["updated_at", "2019-11-27 03:47:59.996945"], ["send", 1]]
  ↳ app/controllers/promotions_controller.rb:10:in `addPromotion'
  [1m[35m (1.3ms)[0m  [1m[35mCOMMIT[0m
  ↳ app/controllers/promotions_controller.rb:10:in `addPromotion'
Completed 200 OK in 80ms (Views: 0.9ms | ActiveRecord: 56.8ms | Allocations: 7668)


